{
  "RSpec": {
    "coverage": {
      "/Users/apatel/Desktop/interviewTest/app/controllers/query_json_controller.rb": {
        "lines": [
          1,
          1,
          null,
          1,
          null,
          4,
          null,
          3,
          3,
          null,
          3,
          null,
          1,
          null,
          null,
          null,
          1,
          null,
          6,
          4,
          null,
          2,
          1,
          251,
          null,
          0,
          null,
          1,
          1,
          null,
          1,
          null,
          null,
          4,
          null,
          null,
          null,
          1,
          null,
          3,
          2,
          null,
          2,
          1,
          1,
          null,
          1,
          null,
          null,
          1,
          null,
          null,
          null,
          1,
          null,
          6,
          null,
          3,
          2,
          null,
          1,
          null,
          3,
          1,
          1,
          null,
          2,
          null,
          null,
          3,
          null,
          null,
          null,
          1,
          null,
          1,
          4,
          null,
          null,
          1,
          9,
          9,
          null,
          null,
          1,
          23,
          0,
          null,
          null,
          null,
          1,
          0,
          null,
          null
        ]
      },
      "/Users/apatel/Desktop/interviewTest/app/controllers/application_controller.rb": {
        "lines": [
          1,
          null
        ]
      },
      "/Users/apatel/Desktop/interviewTest/spec/model/country_spec.rb": {
        "lines": [
          1,
          null,
          1,
          1,
          1,
          1,
          1,
          4,
          null,
          null,
          null,
          1,
          1,
          1,
          null,
          1,
          null,
          null,
          null,
          1,
          1,
          1,
          null,
          1,
          1,
          1,
          null,
          null,
          1,
          1,
          null,
          1,
          1,
          1,
          null,
          null,
          null,
          1,
          1,
          1,
          null,
          1,
          1,
          1,
          null,
          null,
          1,
          1,
          null,
          1,
          1,
          1,
          null,
          null,
          null
        ]
      },
      "/Users/apatel/Desktop/interviewTest/app/models/country.rb": {
        "lines": [
          1,
          1,
          1,
          null,
          null,
          1,
          2,
          10,
          null,
          null,
          1,
          2,
          10,
          null,
          null
        ]
      },
      "/Users/apatel/Desktop/interviewTest/app/models/application_record.rb": {
        "lines": [
          1,
          1,
          null
        ]
      }
    },
    "timestamp": 1692330417
  }
}
